22:59:29 **** Build of configuration Debug for project Control_ECU ****
make all 
Building file: ../APP/app.c
Invoking: AVR Compiler
avr-gcc -I"D:\Study\Embedded\MT Diploma\Projects\Final_Project\Final_Project_CODE\Control_ECU\LIBRARIES\Common" -I"D:\Study\Embedded\MT Diploma\Projects\Final_Project\Final_Project_CODE\Control_ECU\APP" -I"D:\Study\Embedded\MT Diploma\Projects\Final_Project\Final_Project_CODE\Control_ECU\HAL\Buzzer_Module" -I"D:\Study\Embedded\MT Diploma\Projects\Final_Project\Final_Project_CODE\Control_ECU\HAL\DC_MOTOR_Module" -I"D:\Study\Embedded\MT Diploma\Projects\Final_Project\Final_Project_CODE\Control_ECU\MCAL\PWM_Module" -I"D:\Study\Embedded\MT Diploma\Projects\Final_Project\Final_Project_CODE\Control_ECU\MCAL\GPIO_Module" -I"D:\Study\Embedded\MT Diploma\Projects\Final_Project\Final_Project_CODE\Control_ECU\MCAL\I2C_Module" -I"D:\Study\Embedded\MT Diploma\Projects\Final_Project\Final_Project_CODE\Control_ECU\MCAL\Timer_Module" -I"D:\Study\Embedded\MT Diploma\Projects\Final_Project\Final_Project_CODE\Control_ECU\MCAL\UART_Module" -I"D:\Study\Embedded\MT Diploma\Projects\Final_Project\Final_Project_CODE\Control_ECU\HAL\External_EEPROM" -Wall -g2 -gstabs -O0 -fpack-struct -fshort-enums -ffunction-sections -fdata-sections -std=gnu99 -funsigned-char -funsigned-bitfields -mmcu=atmega32 -DF_CPU=8000000UL -MMD -MP -MF"APP/app.d" -MT"APP/app.o" -c -o "APP/app.o" "../APP/app.c"
In file included from ../APP/app.c:19:
c:/winavr-20100110/lib/gcc/../../avr/include/util/delay.h:90:3: warning: #warning "Compiler optimizations disabled; functions from <util/delay.h> won't work as designed"
Finished building: ../APP/app.c
 
Building file: ../main.c
Invoking: AVR Compiler
avr-gcc -I"D:\Study\Embedded\MT Diploma\Projects\Final_Project\Final_Project_CODE\Control_ECU\LIBRARIES\Common" -I"D:\Study\Embedded\MT Diploma\Projects\Final_Project\Final_Project_CODE\Control_ECU\APP" -I"D:\Study\Embedded\MT Diploma\Projects\Final_Project\Final_Project_CODE\Control_ECU\HAL\Buzzer_Module" -I"D:\Study\Embedded\MT Diploma\Projects\Final_Project\Final_Project_CODE\Control_ECU\HAL\DC_MOTOR_Module" -I"D:\Study\Embedded\MT Diploma\Projects\Final_Project\Final_Project_CODE\Control_ECU\MCAL\PWM_Module" -I"D:\Study\Embedded\MT Diploma\Projects\Final_Project\Final_Project_CODE\Control_ECU\MCAL\GPIO_Module" -I"D:\Study\Embedded\MT Diploma\Projects\Final_Project\Final_Project_CODE\Control_ECU\MCAL\I2C_Module" -I"D:\Study\Embedded\MT Diploma\Projects\Final_Project\Final_Project_CODE\Control_ECU\MCAL\Timer_Module" -I"D:\Study\Embedded\MT Diploma\Projects\Final_Project\Final_Project_CODE\Control_ECU\MCAL\UART_Module" -I"D:\Study\Embedded\MT Diploma\Projects\Final_Project\Final_Project_CODE\Control_ECU\HAL\External_EEPROM" -Wall -g2 -gstabs -O0 -fpack-struct -fshort-enums -ffunction-sections -fdata-sections -std=gnu99 -funsigned-char -funsigned-bitfields -mmcu=atmega32 -DF_CPU=8000000UL -MMD -MP -MF"main.d" -MT"main.o" -c -o "main.o" "../main.c"
Finished building: ../main.c
 
Building target: Control_ECU.elf
Invoking: AVR C Linker
avr-gcc -Wl,-Map,Control_ECU.map -mmcu=atmega32 -o "Control_ECU.elf"  ./MCAL/UART_Module/uart.o  ./MCAL/Timer_Module/timer.o  ./MCAL/PWM_Module/pwm.o  ./MCAL/I2C_Module/i2c.o  ./MCAL/GPIO_Module/gpio.o  ./HAL/External_EEPROM/external_eeprom.o  ./HAL/DC_MOTOR_Module/dc_motor.o  ./HAL/Buzzer_Module/buzzer.o  ./APP/app.o  ./main.o   
Finished building target: Control_ECU.elf
 
Invoking: AVR Create Extended Listing
avr-objdump -h -S Control_ECU.elf  >"Control_ECU.lss"
Finished building: Control_ECU.lss
 
Invoking: Print Size
avr-size --format=avr --mcu=atmega32 Control_ECU.elf
AVR Memory Usage
----------------
Device: atmega32

Program:   10050 bytes (30.7% Full)
(.text + .data + .bootloader)

Data:        281 bytes (13.7% Full)
(.data + .bss + .noinit)


Finished building: sizedummy
 

22:59:29 Build Finished. 0 errors, 1 warnings. (took 591ms)

