23:03:40 **** Incremental Build of configuration Debug for project HMI_ECU ****
make all 
Building file: ../APP/app.c
Invoking: AVR Compiler
avr-gcc -I"D:\Study\Embedded\MT Diploma\Projects\Final_Project\Final_Project_CODE\HMI_ECU\HAL\Keypad_Module" -I"D:\Study\Embedded\MT Diploma\Projects\Final_Project\Final_Project_CODE\HMI_ECU\APP" -I"D:\Study\Embedded\MT Diploma\Projects\Final_Project\Final_Project_CODE\HMI_ECU\MCAL\Timer_Module" -I"D:\Study\Embedded\MT Diploma\Projects\Final_Project\Final_Project_CODE\HMI_ECU\LIBRARIES\Common" -I"D:\Study\Embedded\MT Diploma\Projects\Final_Project\Final_Project_CODE\HMI_ECU\MCAL\GPIO_Module" -I"D:\Study\Embedded\MT Diploma\Projects\Final_Project\Final_Project_CODE\HMI_ECU\MCAL\UART_Module" -I"D:\Study\Embedded\MT Diploma\Projects\Final_Project\Final_Project_CODE\HMI_ECU\HAL\LCD_Module" -Wall -g2 -gstabs -O0 -fpack-struct -fshort-enums -ffunction-sections -fdata-sections -std=gnu99 -funsigned-char -funsigned-bitfields -mmcu=atmega32 -DF_CPU=8000000UL -MMD -MP -MF"APP/app.d" -MT"APP/app.o" -c -o "APP/app.o" "../APP/app.c"
In file included from ../APP/app.c:17:
c:/winavr-20100110/lib/gcc/../../avr/include/util/delay.h:90:3: warning: #warning "Compiler optimizations disabled; functions from <util/delay.h> won't work as designed"
Finished building: ../APP/app.c
 
Building file: ../main.c
Invoking: AVR Compiler
avr-gcc -I"D:\Study\Embedded\MT Diploma\Projects\Final_Project\Final_Project_CODE\HMI_ECU\HAL\Keypad_Module" -I"D:\Study\Embedded\MT Diploma\Projects\Final_Project\Final_Project_CODE\HMI_ECU\APP" -I"D:\Study\Embedded\MT Diploma\Projects\Final_Project\Final_Project_CODE\HMI_ECU\MCAL\Timer_Module" -I"D:\Study\Embedded\MT Diploma\Projects\Final_Project\Final_Project_CODE\HMI_ECU\LIBRARIES\Common" -I"D:\Study\Embedded\MT Diploma\Projects\Final_Project\Final_Project_CODE\HMI_ECU\MCAL\GPIO_Module" -I"D:\Study\Embedded\MT Diploma\Projects\Final_Project\Final_Project_CODE\HMI_ECU\MCAL\UART_Module" -I"D:\Study\Embedded\MT Diploma\Projects\Final_Project\Final_Project_CODE\HMI_ECU\HAL\LCD_Module" -Wall -g2 -gstabs -O0 -fpack-struct -fshort-enums -ffunction-sections -fdata-sections -std=gnu99 -funsigned-char -funsigned-bitfields -mmcu=atmega32 -DF_CPU=8000000UL -MMD -MP -MF"main.d" -MT"main.o" -c -o "main.o" "../main.c"
Finished building: ../main.c
 
Building target: HMI_ECU.elf
Invoking: AVR C Linker
avr-gcc -Wl,-Map,HMI_ECU.map -mmcu=atmega32 -o "HMI_ECU.elf"  ./MCAL/UART_Module/uart.o  ./MCAL/Timer_Module/timer.o  ./MCAL/GPIO_Module/gpio.o  ./HAL/LCD_Module/lcd.o  ./HAL/Keypad_Module/keypad.o  ./APP/app.o  ./main.o   
Finished building target: HMI_ECU.elf
 
Invoking: AVR Create Extended Listing
avr-objdump -h -S HMI_ECU.elf  >"HMI_ECU.lss"
Finished building: HMI_ECU.lss
 
Invoking: Print Size
avr-size --format=avr --mcu=atmega32 HMI_ECU.elf
AVR Memory Usage
----------------
Device: atmega32

Program:   11318 bytes (34.5% Full)
(.text + .data + .bootloader)

Data:        196 bytes (9.6% Full)
(.data + .bss + .noinit)


Finished building: sizedummy
 
